0 info it worked if it ends with ok
1 verbose cli [ '/usr/local/bin/node',
1 verbose cli   '/usr/local/bin/npm',
1 verbose cli   'run',
1 verbose cli   'test-functional-set' ]
2 info using npm@2.15.1
3 info using node@v4.4.4
4 verbose run-script [ 'pretest-functional-set',
4 verbose run-script   'test-functional-set',
4 verbose run-script   'posttest-functional-set' ]
5 info pretest-functional-set datastructures-api@0.0.1
6 info test-functional-set datastructures-api@0.0.1
7 verbose unsafe-perm in lifecycle true
8 info datastructures-api@0.0.1 Failed to exec test-functional-set script
9 verbose stack Error: datastructures-api@0.0.1 test-functional-set: `mocha test/functional/set.spec.js`
9 verbose stack Exit status 7
9 verbose stack     at EventEmitter.<anonymous> (/usr/local/lib/node_modules/npm/lib/utils/lifecycle.js:217:16)
9 verbose stack     at emitTwo (events.js:87:13)
9 verbose stack     at EventEmitter.emit (events.js:172:7)
9 verbose stack     at ChildProcess.<anonymous> (/usr/local/lib/node_modules/npm/lib/utils/spawn.js:24:14)
9 verbose stack     at emitTwo (events.js:87:13)
9 verbose stack     at ChildProcess.emit (events.js:172:7)
9 verbose stack     at maybeClose (internal/child_process.js:827:16)
9 verbose stack     at Process.ChildProcess._handle.onexit (internal/child_process.js:211:5)
10 verbose pkgid datastructures-api@0.0.1
11 verbose cwd /Users/brian/gd/coding/pubset-api
12 error Darwin 15.6.0
13 error argv "/usr/local/bin/node" "/usr/local/bin/npm" "run" "test-functional-set"
14 error node v4.4.4
15 error npm  v2.15.1
16 error code ELIFECYCLE
17 error datastructures-api@0.0.1 test-functional-set: `mocha test/functional/set.spec.js`
17 error Exit status 7
18 error Failed at the datastructures-api@0.0.1 test-functional-set script 'mocha test/functional/set.spec.js'.
18 error This is most likely a problem with the datastructures-api package,
18 error not with npm itself.
18 error Tell the author that this fails on your system:
18 error     mocha test/functional/set.spec.js
18 error You can get information on how to open an issue for this project with:
18 error     npm bugs datastructures-api
18 error Or if that isn't available, you can get their info via:
18 error
18 error     npm owner ls datastructures-api
18 error There is likely additional logging output above.
19 verbose exit [ 1, true ]
